<?xml version="1.0" encoding="UTF-8"?>
<!-- Generated by org.testng.reporters.JUnitReportReporter -->
<testsuite hostname="RENUKA" failures="0" tests="2" name="day3.PaymentsTests" time="0.015" errors="0" timestamp="2025-07-20T16:11:07 IST" skipped="0">
  <testcase classname="day3.PaymentsTests" name="PaymentinRupee" time="0.014"/>
  <testcase classname="day3.PaymentsTests" name="PaymentsinDoller" time="0.001"/>
</testsuite> <!-- day3.PaymentsTests -->
