<?xml version="1.0" encoding="UTF-8"?>
<!-- Generated by org.testng.reporters.JUnitReportReporter -->
<testsuite hostname="RENUKA" failures="0" tests="2" name="testAnnotationDemo.Annotations" time="0.023" errors="0" timestamp="2025-07-20T07:59:58 IST" skipped="0">
  <testcase classname="testAnnotationDemo.Annotations" name="search" time="0.021"/>
  <testcase classname="testAnnotationDemo.Annotations" name="advancedSearch" time="0.002"/>
</testsuite> <!-- testAnnotationDemo.Annotations -->
