<?xml version="1.0" encoding="UTF-8"?>
<!-- Generated by org.testng.reporters.JUnitReportReporter -->
<testsuite hostname="RENUKA" failures="0" tests="3" name="day3.loginTests" time="0.012" errors="0" timestamp="2025-07-20T16:06:59 IST" skipped="0">
  <testcase classname="day3.loginTests" name="loginbyFacebook" time="0.001"/>
  <testcase classname="day3.loginTests" name="loginbyEmail" time="0.011"/>
  <testcase classname="day3.loginTests" name="loginbyTwitter" time="0.000"/>
</testsuite> <!-- day3.loginTests -->
