<?xml version="1.0" encoding="UTF-8"?>
<!-- Generated by org.testng.reporters.JUnitReportReporter -->
<testsuite hostname="RENUKA" failures="0" tests="1" name="assertioons.AssertionsDemo" time="0.014" errors="0" timestamp="2025-07-20T08:52:40 IST" skipped="0">
  <testcase classname="assertioons.AssertionsDemo" name="testTitle" time="0.014"/>
</testsuite> <!-- assertioons.AssertionsDemo -->
