<?xml version="1.0" encoding="UTF-8"?>
<!-- Generated by org.testng.reporters.JUnitReportReporter -->
<testsuite hostname="RENUKA" failures="0" tests="2" name="annotationsHirarcy.C1" time="0.007" errors="0" timestamp="2025-07-20T08:26:10 IST" skipped="0">
  <testcase classname="annotationsHirarcy.C1" name="xyz" time="0.006"/>
  <testcase classname="annotationsHirarcy.C1" name="xyz" time="0.001"/>
</testsuite> <!-- annotationsHirarcy.C1 -->
