<?xml version="1.0" encoding="UTF-8"?>
<!-- Generated by org.testng.reporters.JUnitReportReporter -->
<testsuite hostname="RENUKA" failures="0" tests="2" name="day3.PaymentsTests" time="0.002" errors="0" timestamp="2025-08-08T16:28:21 IST" skipped="0">
  <testcase classname="day3.PaymentsTests" name="PaymentsinDoller" time="0.001"/>
  <testcase classname="day3.PaymentsTests" name="PaymentinRupee" time="0.001"/>
</testsuite> <!-- day3.PaymentsTests -->
