<?xml version="1.0" encoding="UTF-8"?>
<!-- Generated by org.testng.reporters.JUnitReportReporter -->
<testsuite hostname="RENUKA" failures="0" tests="2" name="annotationsHirarcy.c2" time="0.003" errors="0" timestamp="2025-07-20T08:26:10 IST" skipped="0">
  <testcase classname="annotationsHirarcy.c2" name="abc" time="0.002"/>
  <testcase classname="annotationsHirarcy.c2" name="abc" time="0.001"/>
</testsuite> <!-- annotationsHirarcy.c2 -->
