<?xml version="1.0" encoding="UTF-8"?>
<!-- Generated by org.testng.reporters.JUnitReportReporter -->
<testsuite hostname="RENUKA" failures="0" tests="2" name="annotationsHirarcy.Allannotations" time="0.013" errors="0" timestamp="2025-07-20T08:36:14 IST" skipped="0">
  <testcase classname="annotationsHirarcy.Allannotations" name="tm2" time="0.005"/>
  <testcase classname="annotationsHirarcy.Allannotations" name="tm1" time="0.008"/>
</testsuite> <!-- annotationsHirarcy.Allannotations -->
