<?xml version="1.0" encoding="UTF-8"?>
<!-- Generated by org.testng.reporters.JUnitReportReporter -->
<testsuite hostname="RENUKA" failures="0" tests="1" name="day4.LoginTest" time="2.667" errors="0" timestamp="2025-07-21T15:28:29 IST" skipped="0">
  <testcase classname="day4.LoginTest" name="testLogin" time="2.667"/>
</testsuite> <!-- day4.LoginTest -->
