<?xml version="1.0" encoding="UTF-8"?>
<!-- Generated by org.testng.reporters.JUnitReportReporter -->
<testsuite hostname="RENUKA" failures="0" tests="3" name="TestNGusage.FirstTestCase" time="0.004" errors="0" timestamp="2025-07-19T21:47:25 IST" skipped="0">
  <testcase classname="TestNGusage.FirstTestCase" name="openapp" time="0.002"/>
  <testcase classname="TestNGusage.FirstTestCase" name="login" time="0.000"/>
  <testcase classname="TestNGusage.FirstTestCase" name="logout" time="0.002"/>
</testsuite> <!-- TestNGusage.FirstTestCase -->
