<?xml version="1.0" encoding="UTF-8"?>
<!-- Generated by org.testng.reporters.JUnitReportReporter -->
<testsuite hostname="RENUKA" failures="0" tests="3" name="day3.loginTests" time="0.004" errors="0" timestamp="2025-08-08T16:28:21 IST" skipped="0">
  <testcase classname="day3.loginTests" name="loginbyEmail" time="0.001"/>
  <testcase classname="day3.loginTests" name="loginbyFacebook" time="0.002"/>
  <testcase classname="day3.loginTests" name="loginbyTwitter" time="0.001"/>
</testsuite> <!-- day3.loginTests -->
