<?xml version="1.0" encoding="UTF-8"?>
<!-- Generated by org.testng.reporters.JUnitReportReporter -->
<testsuite hostname="RENUKA" failures="0" tests="4" name="TestNGusage.HRM" time="17.744" errors="0" timestamp="2025-07-19T21:47:25 IST" skipped="0">
  <testcase classname="TestNGusage.HRM" name="openapp" time="7.114"/>
  <testcase classname="TestNGusage.HRM" name="testlogo" time="10.042"/>
  <testcase classname="TestNGusage.HRM" name="login" time="0.222"/>
  <testcase classname="TestNGusage.HRM" name="closeapp" time="0.366"/>
</testsuite> <!-- TestNGusage.HRM -->
