<?xml version="1.0" encoding="UTF-8"?>
<!-- Generated by org.testng.reporters.JUnitReportReporter -->
<testsuite hostname="RENUKA" failures="0" tests="3" name="day3.SignUpTests" time="0.020" errors="0" timestamp="2025-07-20T16:05:14 IST" skipped="0">
  <testcase classname="day3.SignUpTests" name="SignUpbyTwitter" time="0.008"/>
  <testcase classname="day3.SignUpTests" name="SignUpbyFacebook" time="0.001"/>
  <testcase classname="day3.SignUpTests" name="SignUpbyEmail" time="0.011"/>
</testsuite> <!-- day3.SignUpTests -->
